2023-08-01 15:27:38.230 +05:30 [INF] User profile is available. Using 'C:\Users\sargu\AppData\Local\ASP.NET\DataProtection-Keys' as key repository and Windows DPAPI to encrypt keys at rest.
2023-08-01 15:27:40.228 +05:30 [INF] Now listening on: http://localhost:5211
2023-08-01 15:27:40.361 +05:30 [INF] Application started. Press Ctrl+C to shut down.
2023-08-01 15:27:40.363 +05:30 [INF] Hosting environment: Development
2023-08-01 15:27:40.365 +05:30 [INF] Content root path: C:\Users\sargu\Desktop\FinalProject\IdentityManagement
2023-08-01 15:27:50.165 +05:30 [INF] Request starting HTTP/1.1 GET http://localhost:5211/ - -
2023-08-01 15:27:51.358 +05:30 [WRN] Failed to determine the https port for redirect.
2023-08-01 15:27:52.265 +05:30 [INF] Executing endpoint 'IdentityManagement.Controllers.HomeController.Index (IdentityManagement)'
2023-08-01 15:27:52.913 +05:30 [INF] Route matched with {action = "Index", controller = "Home"}. Executing controller action with signature Microsoft.AspNetCore.Mvc.IActionResult Index() on controller IdentityManagement.Controllers.HomeController (IdentityManagement).
2023-08-01 15:27:53.194 +05:30 [INF] Executing ViewResult, running view Index.
2023-08-01 15:27:55.222 +05:30 [INF] Executed ViewResult - view Index executed in 2152.3952ms.
2023-08-01 15:27:55.280 +05:30 [INF] Executed action IdentityManagement.Controllers.HomeController.Index (IdentityManagement) in 2365.3142ms
2023-08-01 15:27:55.280 +05:30 [INF] Executed endpoint 'IdentityManagement.Controllers.HomeController.Index (IdentityManagement)'
2023-08-01 15:27:55.716 +05:30 [INF] Request starting HTTP/1.1 GET http://localhost:5211/lib/bootstrap/dist/css/bootstrap.min.css - -
2023-08-01 15:27:55.848 +05:30 [INF] Request finished HTTP/1.1 GET http://localhost:5211/ - - - 200 - text/html;+charset=utf-8 5743.4748ms
2023-08-01 15:27:55.850 +05:30 [INF] Request starting HTTP/1.1 GET http://localhost:5211/css/site.css?v=Co-b9f_lC6MlOt8YKl9vlMC8BL46-QfWYk3wQlp5jyo - -
2023-08-01 15:27:55.889 +05:30 [INF] Request starting HTTP/1.1 GET http://localhost:5211/IdentityManagement.styles.css?v=7OALh_86zQPsUQSc3aQW8ib0NKjDOOfp7P_JrIaXr28 - -
2023-08-01 15:27:55.919 +05:30 [INF] Request starting HTTP/1.1 GET http://localhost:5211/_framework/aspnetcore-browser-refresh.js - -
2023-08-01 15:27:55.922 +05:30 [INF] Request finished HTTP/1.1 GET http://localhost:5211/_framework/aspnetcore-browser-refresh.js - - - 200 11963 application/javascript;+charset=utf-8 3.3012ms
2023-08-01 15:27:55.929 +05:30 [INF] Sending file. Request path: '/css/site.css'. Physical path: 'C:\Users\sargu\Desktop\FinalProject\IdentityManagement\wwwroot\css\site.css'
2023-08-01 15:27:55.929 +05:30 [INF] Sending file. Request path: '/IdentityManagement.styles.css'. Physical path: 'C:\Users\sargu\Desktop\FinalProject\IdentityManagement\obj\Debug\net7.0\scopedcss\bundle\IdentityManagement.styles.css'
2023-08-01 15:27:55.932 +05:30 [INF] Request finished HTTP/1.1 GET http://localhost:5211/css/site.css?v=Co-b9f_lC6MlOt8YKl9vlMC8BL46-QfWYk3wQlp5jyo - - - 200 488 text/css 81.6109ms
2023-08-01 15:27:55.932 +05:30 [INF] Request finished HTTP/1.1 GET http://localhost:5211/IdentityManagement.styles.css?v=7OALh_86zQPsUQSc3aQW8ib0NKjDOOfp7P_JrIaXr28 - - - 200 1143 text/css 42.4004ms
2023-08-01 15:27:56.108 +05:30 [INF] Sending file. Request path: '/lib/bootstrap/dist/css/bootstrap.min.css'. Physical path: 'C:\Users\sargu\Desktop\FinalProject\IdentityManagement\wwwroot\lib\bootstrap\dist\css\bootstrap.min.css'
2023-08-01 15:27:56.109 +05:30 [INF] Request finished HTTP/1.1 GET http://localhost:5211/lib/bootstrap/dist/css/bootstrap.min.css - - - 200 162720 text/css 392.9956ms
2023-08-01 15:27:56.266 +05:30 [INF] Request starting HTTP/1.1 GET http://localhost:5211/lib/jquery/dist/jquery.min.js - -
2023-08-01 15:27:56.274 +05:30 [INF] Request starting HTTP/1.1 GET http://localhost:5211/lib/bootstrap/dist/js/bootstrap.bundle.min.js - -
2023-08-01 15:27:56.730 +05:30 [INF] Request starting HTTP/1.1 GET http://localhost:5211/js/site.js?v=4q1jwFhaPaZgr8WAUSrux6hAuh0XDg9kPS3xIVq36I0 - -
2023-08-01 15:27:56.731 +05:30 [INF] Sending file. Request path: '/js/site.js'. Physical path: 'C:\Users\sargu\Desktop\FinalProject\IdentityManagement\wwwroot\js\site.js'
2023-08-01 15:27:56.731 +05:30 [INF] Request finished HTTP/1.1 GET http://localhost:5211/js/site.js?v=4q1jwFhaPaZgr8WAUSrux6hAuh0XDg9kPS3xIVq36I0 - - - 200 230 text/javascript 1.4566ms
2023-08-01 15:27:56.731 +05:30 [INF] Request starting HTTP/1.1 GET http://localhost:5211/images/Elogo.png - -
2023-08-01 15:27:56.735 +05:30 [INF] Request starting HTTP/1.1 GET http://localhost:5211/images/carosal3.jpg - -
2023-08-01 15:27:56.737 +05:30 [INF] Request starting HTTP/1.1 GET http://localhost:5211/images/carosal1.jpg - -
2023-08-01 15:27:56.791 +05:30 [INF] Sending file. Request path: '/lib/bootstrap/dist/js/bootstrap.bundle.min.js'. Physical path: 'C:\Users\sargu\Desktop\FinalProject\IdentityManagement\wwwroot\lib\bootstrap\dist\js\bootstrap.bundle.min.js'
2023-08-01 15:27:56.791 +05:30 [INF] Request finished HTTP/1.1 GET http://localhost:5211/lib/bootstrap/dist/js/bootstrap.bundle.min.js - - - 200 78468 text/javascript 520.6403ms
2023-08-01 15:27:56.831 +05:30 [INF] Sending file. Request path: '/images/Elogo.png'. Physical path: 'C:\Users\sargu\Desktop\FinalProject\IdentityManagement\wwwroot\images\Elogo.png'
2023-08-01 15:27:56.831 +05:30 [INF] Request finished HTTP/1.1 GET http://localhost:5211/images/Elogo.png - - - 200 4327 image/png 99.6909ms
2023-08-01 15:27:56.895 +05:30 [INF] Sending file. Request path: '/lib/jquery/dist/jquery.min.js'. Physical path: 'C:\Users\sargu\Desktop\FinalProject\IdentityManagement\wwwroot\lib\jquery\dist\jquery.min.js'
2023-08-01 15:27:56.895 +05:30 [INF] Request finished HTTP/1.1 GET http://localhost:5211/lib/jquery/dist/jquery.min.js - - - 200 89501 text/javascript 629.1236ms
2023-08-01 15:27:57.045 +05:30 [INF] Sending file. Request path: '/images/carosal3.jpg'. Physical path: 'C:\Users\sargu\Desktop\FinalProject\IdentityManagement\wwwroot\images\carosal3.jpg'
2023-08-01 15:27:57.045 +05:30 [INF] Request finished HTTP/1.1 GET http://localhost:5211/images/carosal3.jpg - - - 200 42150 image/jpeg 310.2651ms
2023-08-01 15:27:57.113 +05:30 [INF] Sending file. Request path: '/images/carosal1.jpg'. Physical path: 'C:\Users\sargu\Desktop\FinalProject\IdentityManagement\wwwroot\images\carosal1.jpg'
2023-08-01 15:27:57.113 +05:30 [INF] Request finished HTTP/1.1 GET http://localhost:5211/images/carosal1.jpg - - - 200 42158 image/jpeg 376.0742ms
2023-08-01 15:27:57.230 +05:30 [INF] Request starting HTTP/1.1 GET http://localhost:5211/images/carosal2.jpg - -
2023-08-01 15:27:57.684 +05:30 [INF] Sending file. Request path: '/images/carosal2.jpg'. Physical path: 'C:\Users\sargu\Desktop\FinalProject\IdentityManagement\wwwroot\images\carosal2.jpg'
2023-08-01 15:27:57.684 +05:30 [INF] Request finished HTTP/1.1 GET http://localhost:5211/images/carosal2.jpg - - - 200 88994 image/jpeg 454.2439ms
2023-08-01 15:28:03.239 +05:30 [INF] Request starting HTTP/1.1 GET http://localhost:5211/favicon.ico - -
2023-08-01 15:28:03.653 +05:30 [INF] Sending file. Request path: '/favicon.ico'. Physical path: 'C:\Users\sargu\Desktop\FinalProject\IdentityManagement\wwwroot\favicon.ico'
2023-08-01 15:28:03.653 +05:30 [INF] Request finished HTTP/1.1 GET http://localhost:5211/favicon.ico - - - 200 5430 image/x-icon 413.8238ms
2023-08-01 15:28:09.562 +05:30 [INF] Request starting HTTP/1.1 GET http://localhost:5211/Employee/EmployeeLogin - -
2023-08-01 15:28:09.574 +05:30 [INF] Executing endpoint 'IdentityManagement.Controllers.EmployeeController.EmployeeLogin (IdentityManagement)'
2023-08-01 15:28:09.579 +05:30 [INF] Route matched with {action = "EmployeeLogin", controller = "Employee"}. Executing controller action with signature Microsoft.AspNetCore.Mvc.IActionResult EmployeeLogin() on controller IdentityManagement.Controllers.EmployeeController (IdentityManagement).
2023-08-01 15:28:11.876 +05:30 [INF] Executing ViewResult, running view EmployeeLogin.
2023-08-01 15:28:12.224 +05:30 [INF] Executed ViewResult - view EmployeeLogin executed in 349.9972ms.
2023-08-01 15:28:12.242 +05:30 [INF] Executed action IdentityManagement.Controllers.EmployeeController.EmployeeLogin (IdentityManagement) in 2662.6424ms
2023-08-01 15:28:12.242 +05:30 [INF] Executed endpoint 'IdentityManagement.Controllers.EmployeeController.EmployeeLogin (IdentityManagement)'
2023-08-01 15:28:12.247 +05:30 [INF] Request finished HTTP/1.1 GET http://localhost:5211/Employee/EmployeeLogin - - - 200 - text/html;+charset=utf-8 2684.9486ms
2023-08-01 15:28:12.415 +05:30 [INF] Request starting HTTP/1.1 GET http://localhost:5211/css/login.css?v=GUZTezyTTI5dyG6J9cyvtyfeJUkU7pKQQ4orhme0AaY - -
2023-08-01 15:28:12.481 +05:30 [INF] Sending file. Request path: '/css/login.css'. Physical path: 'C:\Users\sargu\Desktop\FinalProject\IdentityManagement\wwwroot\css\login.css'
2023-08-01 15:28:12.482 +05:30 [INF] Request finished HTTP/1.1 GET http://localhost:5211/css/login.css?v=GUZTezyTTI5dyG6J9cyvtyfeJUkU7pKQQ4orhme0AaY - - - 200 1948 text/css 66.9224ms
2023-08-01 15:28:12.492 +05:30 [INF] Request starting HTTP/1.1 GET http://localhost:5211/Employee/slide navbar style.css - -
2023-08-01 15:28:12.536 +05:30 [INF] Request finished HTTP/1.1 GET http://localhost:5211/Employee/slide navbar style.css - - - 404 0 - 43.9228ms
2023-08-01 15:28:12.677 +05:30 [INF] Request starting HTTP/1.1 GET http://localhost:5211/_framework/aspnetcore-browser-refresh.js - -
2023-08-01 15:28:12.677 +05:30 [INF] Request finished HTTP/1.1 GET http://localhost:5211/_framework/aspnetcore-browser-refresh.js - - - 200 11963 application/javascript;+charset=utf-8 0.2582ms
2023-08-01 15:28:18.278 +05:30 [INF] Request starting HTTP/1.1 POST http://localhost:5211/Employee/EmployeeLogin application/x-www-form-urlencoded 239
2023-08-01 15:28:18.279 +05:30 [INF] Executing endpoint 'IdentityManagement.Controllers.EmployeeController.EmployeeLoginAsync (IdentityManagement)'
2023-08-01 15:28:18.391 +05:30 [INF] Route matched with {action = "EmployeeLogin", controller = "Employee"}. Executing controller action with signature System.Threading.Tasks.Task`1[Microsoft.AspNetCore.Mvc.IActionResult] EmployeeLoginAsync(User, IdentityManagement.Models.Database) on controller IdentityManagement.Controllers.EmployeeController (IdentityManagement).
2023-08-01 15:28:38.472 +05:30 [INF] Executed DbCommand (8,011ms) [Parameters=[@__user_EmailId_0='?' (Size = 4000)], CommandType='"Text"', CommandTimeout='30']
SELECT CASE
    WHEN EXISTS (
        SELECT 1
        FROM [Employeess] AS [e]
        WHERE [e].[UserID] = @__user_EmailId_0) THEN CAST(1 AS bit)
    ELSE CAST(0 AS bit)
END
2023-08-01 15:28:40.968 +05:30 [INF] AuthenticationScheme: Cookies signed in.
2023-08-01 15:28:41.127 +05:30 [INF] Executing RedirectResult, redirecting to /EmployeeData/Profile?EmailId=sargunanarc@gmail.com&userPassword=Pdss@2002&keepLoggedIn=False.
2023-08-01 15:28:41.133 +05:30 [INF] Executed action IdentityManagement.Controllers.EmployeeController.EmployeeLoginAsync (IdentityManagement) in 22741.9218ms
2023-08-01 15:28:41.134 +05:30 [INF] Executed endpoint 'IdentityManagement.Controllers.EmployeeController.EmployeeLoginAsync (IdentityManagement)'
2023-08-01 15:28:41.138 +05:30 [INF] Session started; Key:275c5e8c-b666-f6a3-7dd3-e96689bb7ea1, Id:1daaea91-485f-293e-916f-49618ad4715e
2023-08-01 15:28:41.156 +05:30 [INF] Request finished HTTP/1.1 POST http://localhost:5211/Employee/EmployeeLogin application/x-www-form-urlencoded 239 - 302 0 - 22878.3846ms
2023-08-01 15:28:41.174 +05:30 [INF] Request starting HTTP/1.1 GET http://localhost:5211/EmployeeData/Profile?EmailId=sargunanarc@gmail.com&userPassword=Pdss@2002&keepLoggedIn=False - -
2023-08-01 15:28:41.192 +05:30 [INF] Executing endpoint 'EmployeeDataController.Controllers.EmployeeDataController.Profile (IdentityManagement)'
2023-08-01 15:28:41.201 +05:30 [INF] Route matched with {action = "Profile", controller = "EmployeeData"}. Executing controller action with signature System.Threading.Tasks.Task`1[Microsoft.AspNetCore.Mvc.IActionResult] Profile() on controller EmployeeDataController.Controllers.EmployeeDataController (IdentityManagement).
2023-08-01 15:28:41.669 +05:30 [INF] Executed DbCommand (117ms) [Parameters=[@__mail_0='?' (Size = 4000)], CommandType='"Text"', CommandTimeout='30']
SELECT [e].[ID], [e].[Aadhaar], [e].[Address], [e].[DateofBirth], [e].[EmployeePackage], [e].[Experience], [e].[Gender], [e].[MobileNumber], [e].[Name], [e].[Password], [e].[ProfilePicture], [e].[TeamName], [e].[UserID]
FROM [Employeess] AS [e]
WHERE [e].[UserID] = @__mail_0
2023-08-01 15:28:42.118 +05:30 [INF] Executing ViewResult, running view Profile.
2023-08-01 15:28:42.222 +05:30 [INF] Executed ViewResult - view Profile executed in 111.1601ms.
2023-08-01 15:28:42.222 +05:30 [INF] Executed action EmployeeDataController.Controllers.EmployeeDataController.Profile (IdentityManagement) in 1020.8583ms
2023-08-01 15:28:42.222 +05:30 [INF] Executed endpoint 'EmployeeDataController.Controllers.EmployeeDataController.Profile (IdentityManagement)'
2023-08-01 15:28:42.223 +05:30 [INF] Request finished HTTP/1.1 GET http://localhost:5211/EmployeeData/Profile?EmailId=sargunanarc@gmail.com&userPassword=Pdss@2002&keepLoggedIn=False - - - 200 - text/html;+charset=utf-8 1048.5930ms
2023-08-01 15:28:42.477 +05:30 [INF] Request starting HTTP/1.1 GET http://localhost:5211/css/EmployeeProfile.css?v=w2_QZJHs7IoxQXIx2mut73-6J8UOcj3EScwpzWTPHCg - -
2023-08-01 15:28:42.478 +05:30 [INF] Sending file. Request path: '/css/EmployeeProfile.css'. Physical path: 'C:\Users\sargu\Desktop\FinalProject\IdentityManagement\wwwroot\css\EmployeeProfile.css'
2023-08-01 15:28:42.478 +05:30 [INF] Request finished HTTP/1.1 GET http://localhost:5211/css/EmployeeProfile.css?v=w2_QZJHs7IoxQXIx2mut73-6J8UOcj3EScwpzWTPHCg - - - 200 1682 text/css 1.3515ms
2023-08-01 15:28:42.479 +05:30 [INF] Request starting HTTP/1.1 GET http://localhost:5211/_framework/aspnetcore-browser-refresh.js - -
2023-08-01 15:28:42.479 +05:30 [INF] Request finished HTTP/1.1 GET http://localhost:5211/_framework/aspnetcore-browser-refresh.js - - - 200 11963 application/javascript;+charset=utf-8 0.1707ms
2023-08-01 15:28:42.479 +05:30 [INF] Request starting HTTP/1.1 GET http://localhost:5211/images/492eb40a-91b7-4ee6-8770-d848880aa774 .jpg - -
2023-08-01 15:28:44.067 +05:30 [INF] Sending file. Request path: '/images/492eb40a-91b7-4ee6-8770-d848880aa774 .jpg'. Physical path: 'C:\Users\sargu\Desktop\FinalProject\IdentityManagement\wwwroot\images\492eb40a-91b7-4ee6-8770-d848880aa774 .jpg'
2023-08-01 15:28:44.067 +05:30 [INF] Request finished HTTP/1.1 GET http://localhost:5211/images/492eb40a-91b7-4ee6-8770-d848880aa774 .jpg - - - 200 1493490 image/jpeg 1587.9868ms
2023-08-01 15:29:23.995 +05:30 [INF] Application is shutting down...
