2023-08-02 11:07:11.663 +05:30 [INF] User profile is available. Using 'C:\Users\sargu\AppData\Local\ASP.NET\DataProtection-Keys' as key repository and Windows DPAPI to encrypt keys at rest.
2023-08-02 11:07:12.589 +05:30 [INF] Now listening on: http://localhost:5211
2023-08-02 11:07:12.677 +05:30 [INF] Application started. Press Ctrl+C to shut down.
2023-08-02 11:07:12.677 +05:30 [INF] Hosting environment: Development
2023-08-02 11:07:12.677 +05:30 [INF] Content root path: C:\Users\sargu\Desktop\FinalProject\IdentityManagement
2023-08-02 11:07:16.887 +05:30 [INF] Request starting HTTP/1.1 GET http://localhost:5211/ - -
2023-08-02 11:07:17.819 +05:30 [WRN] Failed to determine the https port for redirect.
2023-08-02 11:07:19.250 +05:30 [INF] Executing endpoint 'IdentityManagement.Controllers.HomeController.Index (IdentityManagement)'
2023-08-02 11:07:19.366 +05:30 [INF] Route matched with {action = "Index", controller = "Home"}. Executing controller action with signature Microsoft.AspNetCore.Mvc.IActionResult Index() on controller IdentityManagement.Controllers.HomeController (IdentityManagement).
2023-08-02 11:07:19.470 +05:30 [INF] Executing ViewResult, running view Index.
2023-08-02 11:07:20.653 +05:30 [INF] Executed ViewResult - view Index executed in 1193.853ms.
2023-08-02 11:07:20.657 +05:30 [INF] Executed action IdentityManagement.Controllers.HomeController.Index (IdentityManagement) in 1289.8175ms
2023-08-02 11:07:20.658 +05:30 [INF] Executed endpoint 'IdentityManagement.Controllers.HomeController.Index (IdentityManagement)'
2023-08-02 11:07:20.706 +05:30 [INF] Request finished HTTP/1.1 GET http://localhost:5211/ - - - 200 - text/html;+charset=utf-8 3854.8193ms
2023-08-02 11:07:20.964 +05:30 [INF] Request starting HTTP/1.1 GET http://localhost:5211/_framework/aspnetcore-browser-refresh.js - -
2023-08-02 11:07:20.970 +05:30 [INF] Request finished HTTP/1.1 GET http://localhost:5211/_framework/aspnetcore-browser-refresh.js - - - 200 11963 application/javascript;+charset=utf-8 5.7314ms
2023-08-02 11:07:21.070 +05:30 [INF] Request starting HTTP/1.1 GET http://localhost:5211/images/carosal3.jpg - -
2023-08-02 11:07:21.074 +05:30 [INF] Request starting HTTP/1.1 GET http://localhost:5211/images/carosal1.jpg - -
2023-08-02 11:07:21.114 +05:30 [INF] Request starting HTTP/1.1 GET http://localhost:5211/images/carosal2.jpg - -
2023-08-02 11:07:21.563 +05:30 [INF] Sending file. Request path: '/images/carosal3.jpg'. Physical path: 'C:\Users\sargu\Desktop\FinalProject\IdentityManagement\wwwroot\images\carosal3.jpg'
2023-08-02 11:07:21.566 +05:30 [INF] Request finished HTTP/1.1 GET http://localhost:5211/images/carosal3.jpg - - - 200 42150 image/jpeg 495.8907ms
2023-08-02 11:07:22.935 +05:30 [INF] Sending file. Request path: '/images/carosal1.jpg'. Physical path: 'C:\Users\sargu\Desktop\FinalProject\IdentityManagement\wwwroot\images\carosal1.jpg'
2023-08-02 11:07:22.935 +05:30 [INF] Request finished HTTP/1.1 GET http://localhost:5211/images/carosal1.jpg - - - 200 42158 image/jpeg 1861.7105ms
2023-08-02 11:07:23.024 +05:30 [INF] Sending file. Request path: '/images/carosal2.jpg'. Physical path: 'C:\Users\sargu\Desktop\FinalProject\IdentityManagement\wwwroot\images\carosal2.jpg'
2023-08-02 11:07:23.042 +05:30 [INF] Request finished HTTP/1.1 GET http://localhost:5211/images/carosal2.jpg - - - 200 88994 image/jpeg 1910.2900ms
2023-08-02 11:07:23.146 +05:30 [INF] Request starting HTTP/1.1 GET http://localhost:5211/favicon.ico - -
2023-08-02 11:07:23.291 +05:30 [INF] Sending file. Request path: '/favicon.ico'. Physical path: 'C:\Users\sargu\Desktop\FinalProject\IdentityManagement\wwwroot\favicon.ico'
2023-08-02 11:07:23.291 +05:30 [INF] Request finished HTTP/1.1 GET http://localhost:5211/favicon.ico - - - 200 5430 image/x-icon 145.6807ms
2023-08-02 11:14:06.554 +05:30 [INF] Request starting HTTP/1.1 GET http://localhost:5211/Employee/EmployeeLogin - -
2023-08-02 11:14:06.916 +05:30 [INF] Executing endpoint 'IdentityManagement.Controllers.EmployeeController.EmployeeLogin (IdentityManagement)'
2023-08-02 11:14:07.014 +05:30 [INF] Route matched with {action = "EmployeeLogin", controller = "Employee"}. Executing controller action with signature Microsoft.AspNetCore.Mvc.IActionResult EmployeeLogin() on controller IdentityManagement.Controllers.EmployeeController (IdentityManagement).
2023-08-02 11:14:08.039 +05:30 [INF] Executing ViewResult, running view EmployeeLogin.
2023-08-02 11:14:08.486 +05:30 [INF] Executed ViewResult - view EmployeeLogin executed in 471.6787ms.
2023-08-02 11:14:08.513 +05:30 [INF] Executed action IdentityManagement.Controllers.EmployeeController.EmployeeLogin (IdentityManagement) in 1498.1606ms
2023-08-02 11:14:08.513 +05:30 [INF] Executed endpoint 'IdentityManagement.Controllers.EmployeeController.EmployeeLogin (IdentityManagement)'
2023-08-02 11:14:08.517 +05:30 [INF] Request finished HTTP/1.1 GET http://localhost:5211/Employee/EmployeeLogin - - - 200 - text/html;+charset=utf-8 2002.9139ms
2023-08-02 11:14:08.656 +05:30 [INF] Request starting HTTP/1.1 GET http://localhost:5211/css/login.css?v=GUZTezyTTI5dyG6J9cyvtyfeJUkU7pKQQ4orhme0AaY - -
2023-08-02 11:14:08.672 +05:30 [INF] Sending file. Request path: '/css/login.css'. Physical path: 'C:\Users\sargu\Desktop\FinalProject\IdentityManagement\wwwroot\css\login.css'
2023-08-02 11:14:08.682 +05:30 [INF] Request finished HTTP/1.1 GET http://localhost:5211/css/login.css?v=GUZTezyTTI5dyG6J9cyvtyfeJUkU7pKQQ4orhme0AaY - - - 200 1948 text/css 16.0660ms
2023-08-02 11:14:08.762 +05:30 [INF] Request starting HTTP/1.1 GET http://localhost:5211/Employee/slide navbar style.css - -
2023-08-02 11:14:08.828 +05:30 [INF] Request finished HTTP/1.1 GET http://localhost:5211/Employee/slide navbar style.css - - - 404 0 - 71.0765ms
2023-08-02 11:14:08.840 +05:30 [INF] Request starting HTTP/1.1 GET http://localhost:5211/_framework/aspnetcore-browser-refresh.js - -
2023-08-02 11:14:08.849 +05:30 [INF] Request finished HTTP/1.1 GET http://localhost:5211/_framework/aspnetcore-browser-refresh.js - - - 200 11963 application/javascript;+charset=utf-8 8.5883ms
2023-08-02 11:14:12.779 +05:30 [INF] Request starting HTTP/1.1 POST http://localhost:5211/Employee/EmployeeLogin application/x-www-form-urlencoded 239
2023-08-02 11:14:12.786 +05:30 [INF] Executing endpoint 'IdentityManagement.Controllers.EmployeeController.EmployeeLoginAsync (IdentityManagement)'
2023-08-02 11:14:12.869 +05:30 [INF] Route matched with {action = "EmployeeLogin", controller = "Employee"}. Executing controller action with signature System.Threading.Tasks.Task`1[Microsoft.AspNetCore.Mvc.IActionResult] EmployeeLoginAsync(User, IdentityManagement.Models.Database) on controller IdentityManagement.Controllers.EmployeeController (IdentityManagement).
2023-08-02 11:14:18.866 +05:30 [INF] Executed DbCommand (433ms) [Parameters=[@__user_EmailId_0='?' (Size = 4000)], CommandType='"Text"', CommandTimeout='30']
SELECT CASE
    WHEN EXISTS (
        SELECT 1
        FROM [Employeess] AS [e]
        WHERE [e].[UserID] = @__user_EmailId_0) THEN CAST(1 AS bit)
    ELSE CAST(0 AS bit)
END
2023-08-02 11:14:20.403 +05:30 [INF] AuthenticationScheme: Cookies signed in.
2023-08-02 11:14:20.547 +05:30 [INF] Executing RedirectResult, redirecting to /EmployeeData/Profile?EmailId=sargunanarc@gmail.com&userPassword=Pdss@2002&keepLoggedIn=False.
2023-08-02 11:14:20.551 +05:30 [INF] Executed action IdentityManagement.Controllers.EmployeeController.EmployeeLoginAsync (IdentityManagement) in 7681.6333ms
2023-08-02 11:14:20.552 +05:30 [INF] Executed endpoint 'IdentityManagement.Controllers.EmployeeController.EmployeeLoginAsync (IdentityManagement)'
2023-08-02 11:14:20.557 +05:30 [INF] Session started; Key:b7b26a8f-ffc7-c7ae-f45e-5d0bbb68d40b, Id:7da074b0-dc51-12e3-eb9d-fba45208a115
2023-08-02 11:14:20.576 +05:30 [INF] Request finished HTTP/1.1 POST http://localhost:5211/Employee/EmployeeLogin application/x-www-form-urlencoded 239 - 302 0 - 7797.9009ms
2023-08-02 11:14:20.577 +05:30 [INF] Request starting HTTP/1.1 GET http://localhost:5211/EmployeeData/Profile?EmailId=sargunanarc@gmail.com&userPassword=Pdss@2002&keepLoggedIn=False - -
2023-08-02 11:14:20.610 +05:30 [INF] Executing endpoint 'EmployeeDataController.Controllers.EmployeeDataController.Profile (IdentityManagement)'
2023-08-02 11:14:20.623 +05:30 [INF] Route matched with {action = "Profile", controller = "EmployeeData"}. Executing controller action with signature System.Threading.Tasks.Task`1[Microsoft.AspNetCore.Mvc.IActionResult] Profile() on controller EmployeeDataController.Controllers.EmployeeDataController (IdentityManagement).
2023-08-02 11:14:20.907 +05:30 [INF] Executed DbCommand (14ms) [Parameters=[@__mail_0='?' (Size = 4000)], CommandType='"Text"', CommandTimeout='30']
SELECT [e].[ID], [e].[Aadhaar], [e].[Address], [e].[DateofBirth], [e].[EmployeePackage], [e].[Experience], [e].[Gender], [e].[MobileNumber], [e].[Name], [e].[Password], [e].[ProfilePicture], [e].[TeamName], [e].[UserID]
FROM [Employeess] AS [e]
WHERE [e].[UserID] = @__mail_0
2023-08-02 11:14:21.344 +05:30 [INF] Executing ViewResult, running view Profile.
2023-08-02 11:14:21.478 +05:30 [INF] Executed ViewResult - view Profile executed in 137.4196ms.
2023-08-02 11:14:21.478 +05:30 [INF] Executed action EmployeeDataController.Controllers.EmployeeDataController.Profile (IdentityManagement) in 855.5355ms
2023-08-02 11:14:21.478 +05:30 [INF] Executed endpoint 'EmployeeDataController.Controllers.EmployeeDataController.Profile (IdentityManagement)'
2023-08-02 11:14:21.479 +05:30 [INF] Request finished HTTP/1.1 GET http://localhost:5211/EmployeeData/Profile?EmailId=sargunanarc@gmail.com&userPassword=Pdss@2002&keepLoggedIn=False - - - 200 - text/html;+charset=utf-8 902.0434ms
2023-08-02 11:14:21.635 +05:30 [INF] Request starting HTTP/1.1 GET http://localhost:5211/_framework/aspnetcore-browser-refresh.js - -
2023-08-02 11:14:21.635 +05:30 [INF] Request finished HTTP/1.1 GET http://localhost:5211/_framework/aspnetcore-browser-refresh.js - - - 200 11963 application/javascript;+charset=utf-8 0.2321ms
2023-08-02 11:14:30.972 +05:30 [INF] Request starting HTTP/1.1 GET http://localhost:5211/EmployeeData/Indexes - -
2023-08-02 11:14:30.981 +05:30 [INF] Executing endpoint 'EmployeeDataController.Controllers.EmployeeDataController.Indexes (IdentityManagement)'
2023-08-02 11:14:30.992 +05:30 [INF] Route matched with {action = "Indexes", controller = "EmployeeData"}. Executing controller action with signature System.Threading.Tasks.Task`1[Microsoft.AspNetCore.Mvc.IActionResult] Indexes(System.String, System.String, System.String, System.Nullable`1[System.Int32]) on controller EmployeeDataController.Controllers.EmployeeDataController (IdentityManagement).
2023-08-02 11:14:31.229 +05:30 [INF] Executed DbCommand (13ms) [Parameters=[], CommandType='"Text"', CommandTimeout='30']
SELECT COUNT(*)
FROM [Employeess] AS [e]
2023-08-02 11:14:31.424 +05:30 [INF] Executed DbCommand (132ms) [Parameters=[@__p_0='?' (DbType = Int32), @__p_1='?' (DbType = Int32)], CommandType='"Text"', CommandTimeout='30']
SELECT [e].[ID], [e].[Aadhaar], [e].[Address], [e].[DateofBirth], [e].[EmployeePackage], [e].[Experience], [e].[Gender], [e].[MobileNumber], [e].[Name], [e].[Password], [e].[ProfilePicture], [e].[TeamName], [e].[UserID]
FROM [Employeess] AS [e]
ORDER BY [e].[DateofBirth]
OFFSET @__p_0 ROWS FETCH NEXT @__p_1 ROWS ONLY
2023-08-02 11:14:31.442 +05:30 [INF] Executing ViewResult, running view Indexes.
2023-08-02 11:14:31.548 +05:30 [INF] Executed ViewResult - view Indexes executed in 110.432ms.
2023-08-02 11:14:31.549 +05:30 [INF] Executed action EmployeeDataController.Controllers.EmployeeDataController.Indexes (IdentityManagement) in 556.106ms
2023-08-02 11:14:31.549 +05:30 [INF] Executed endpoint 'EmployeeDataController.Controllers.EmployeeDataController.Indexes (IdentityManagement)'
2023-08-02 11:14:31.549 +05:30 [INF] Request finished HTTP/1.1 GET http://localhost:5211/EmployeeData/Indexes - - - 200 - text/html;+charset=utf-8 576.5116ms
2023-08-02 11:14:31.692 +05:30 [INF] Request starting HTTP/1.1 GET http://localhost:5211/css/Index.css?v=iiqcz8g0UQ61X6oWOdzIZxmEdvb8KWMWXKKJIvMubEc - -
2023-08-02 11:14:31.693 +05:30 [INF] Sending file. Request path: '/css/Index.css'. Physical path: 'C:\Users\sargu\Desktop\FinalProject\IdentityManagement\wwwroot\css\Index.css'
2023-08-02 11:14:31.694 +05:30 [INF] Request finished HTTP/1.1 GET http://localhost:5211/css/Index.css?v=iiqcz8g0UQ61X6oWOdzIZxmEdvb8KWMWXKKJIvMubEc - - - 200 3750 text/css 1.7658ms
2023-08-02 11:14:31.747 +05:30 [INF] Request starting HTTP/1.1 GET http://localhost:5211/_framework/aspnetcore-browser-refresh.js - -
2023-08-02 11:14:31.747 +05:30 [INF] Request finished HTTP/1.1 GET http://localhost:5211/_framework/aspnetcore-browser-refresh.js - - - 200 11963 application/javascript;+charset=utf-8 0.8582ms
2023-08-02 11:14:31.747 +05:30 [INF] Request starting HTTP/1.1 GET http://localhost:5211/images/73b8e2ff-4385-49df-8034-bd99db3c2ce7 .jpg - -
2023-08-02 11:14:31.748 +05:30 [INF] Request starting HTTP/1.1 GET http://localhost:5211/images/df9d5403-0852-411f-96b9-1d05f1f6d155 .jpg - -
2023-08-02 11:14:31.928 +05:30 [INF] Sending file. Request path: '/images/73b8e2ff-4385-49df-8034-bd99db3c2ce7 .jpg'. Physical path: 'C:\Users\sargu\Desktop\FinalProject\IdentityManagement\wwwroot\images\73b8e2ff-4385-49df-8034-bd99db3c2ce7 .jpg'
2023-08-02 11:14:31.928 +05:30 [INF] Request finished HTTP/1.1 GET http://localhost:5211/images/73b8e2ff-4385-49df-8034-bd99db3c2ce7 .jpg - - - 200 119232 image/jpeg 180.7261ms
2023-08-02 11:14:32.794 +05:30 [INF] Sending file. Request path: '/images/df9d5403-0852-411f-96b9-1d05f1f6d155 .jpg'. Physical path: 'C:\Users\sargu\Desktop\FinalProject\IdentityManagement\wwwroot\images\df9d5403-0852-411f-96b9-1d05f1f6d155 .jpg'
2023-08-02 11:14:32.795 +05:30 [INF] Request finished HTTP/1.1 GET http://localhost:5211/images/df9d5403-0852-411f-96b9-1d05f1f6d155 .jpg - - - 200 1493490 image/jpeg 1047.2240ms
2023-08-02 11:14:49.369 +05:30 [INF] Request starting HTTP/1.1 GET http://localhost:5211/Request/Create - -
2023-08-02 11:14:49.370 +05:30 [INF] Executing endpoint 'RequestController.Controllers.RequestController.Create (IdentityManagement)'
2023-08-02 11:14:49.377 +05:30 [INF] Route matched with {action = "Create", controller = "Request"}. Executing controller action with signature Microsoft.AspNetCore.Mvc.IActionResult Create() on controller RequestController.Controllers.RequestController (IdentityManagement).
2023-08-02 11:14:49.384 +05:30 [INF] Executing ViewResult, running view Create.
2023-08-02 11:14:49.685 +05:30 [INF] Executed ViewResult - view Create executed in 302.8098ms.
2023-08-02 11:14:49.685 +05:30 [INF] Executed action RequestController.Controllers.RequestController.Create (IdentityManagement) in 307.6103ms
2023-08-02 11:14:49.685 +05:30 [INF] Executed endpoint 'RequestController.Controllers.RequestController.Create (IdentityManagement)'
2023-08-02 11:14:49.685 +05:30 [INF] Request finished HTTP/1.1 GET http://localhost:5211/Request/Create - - - 200 - text/html;+charset=utf-8 315.9441ms
2023-08-02 11:14:49.806 +05:30 [INF] Request starting HTTP/1.1 GET http://localhost:5211/css/form.css?v=oTTKxs0rb34DdiK3rBevJlhTqevLYXR4d3do7Aht78w - -
2023-08-02 11:14:49.807 +05:30 [INF] Request starting HTTP/1.1 GET http://localhost:5211/_framework/aspnetcore-browser-refresh.js - -
2023-08-02 11:14:49.807 +05:30 [INF] Request finished HTTP/1.1 GET http://localhost:5211/_framework/aspnetcore-browser-refresh.js - - - 200 11963 application/javascript;+charset=utf-8 0.2022ms
2023-08-02 11:14:49.807 +05:30 [INF] Request starting HTTP/1.1 GET http://localhost:5211/lib/jquery-validation/dist/jquery.validate.js - -
2023-08-02 11:14:49.808 +05:30 [INF] Sending file. Request path: '/css/form.css'. Physical path: 'C:\Users\sargu\Desktop\FinalProject\IdentityManagement\wwwroot\css\form.css'
2023-08-02 11:14:49.808 +05:30 [INF] Request finished HTTP/1.1 GET http://localhost:5211/css/form.css?v=oTTKxs0rb34DdiK3rBevJlhTqevLYXR4d3do7Aht78w - - - 200 3038 text/css 1.7606ms
2023-08-02 11:14:49.820 +05:30 [INF] Request starting HTTP/1.1 GET http://localhost:5211/lib/jquery-validation-unobtrusive/jquery.validate.unobtrusive.js - -
2023-08-02 11:14:50.464 +05:30 [INF] Sending file. Request path: '/lib/jquery-validation-unobtrusive/jquery.validate.unobtrusive.js'. Physical path: 'C:\Users\sargu\Desktop\FinalProject\IdentityManagement\wwwroot\lib\jquery-validation-unobtrusive\jquery.validate.unobtrusive.js'
2023-08-02 11:14:50.464 +05:30 [INF] Request finished HTTP/1.1 GET http://localhost:5211/lib/jquery-validation-unobtrusive/jquery.validate.unobtrusive.js - - - 200 19385 text/javascript 644.5246ms
2023-08-02 11:14:50.487 +05:30 [INF] Sending file. Request path: '/lib/jquery-validation/dist/jquery.validate.js'. Physical path: 'C:\Users\sargu\Desktop\FinalProject\IdentityManagement\wwwroot\lib\jquery-validation\dist\jquery.validate.js'
2023-08-02 11:14:50.487 +05:30 [INF] Request finished HTTP/1.1 GET http://localhost:5211/lib/jquery-validation/dist/jquery.validate.js - - - 200 48676 text/javascript 680.0254ms
2023-08-02 11:14:56.390 +05:30 [INF] Request starting HTTP/1.1 GET http://localhost:5211/Home/Privacy - -
2023-08-02 11:14:56.392 +05:30 [INF] Request finished HTTP/1.1 GET http://localhost:5211/Home/Privacy - - - 404 0 - 1.7871ms
2023-08-02 11:14:59.295 +05:30 [INF] Request starting HTTP/1.1 GET http://localhost:5211/Request/Create - -
2023-08-02 11:14:59.306 +05:30 [INF] Executing endpoint 'RequestController.Controllers.RequestController.Create (IdentityManagement)'
2023-08-02 11:14:59.307 +05:30 [INF] Route matched with {action = "Create", controller = "Request"}. Executing controller action with signature Microsoft.AspNetCore.Mvc.IActionResult Create() on controller RequestController.Controllers.RequestController (IdentityManagement).
2023-08-02 11:14:59.308 +05:30 [INF] Executing ViewResult, running view Create.
2023-08-02 11:14:59.318 +05:30 [INF] Executed ViewResult - view Create executed in 10.8121ms.
2023-08-02 11:14:59.319 +05:30 [INF] Executed action RequestController.Controllers.RequestController.Create (IdentityManagement) in 11.6153ms
2023-08-02 11:14:59.319 +05:30 [INF] Executed endpoint 'RequestController.Controllers.RequestController.Create (IdentityManagement)'
2023-08-02 11:14:59.319 +05:30 [INF] Request finished HTTP/1.1 GET http://localhost:5211/Request/Create - - - 200 - text/html;+charset=utf-8 24.4561ms
2023-08-02 11:14:59.422 +05:30 [INF] Request starting HTTP/1.1 GET http://localhost:5211/_framework/aspnetcore-browser-refresh.js - -
2023-08-02 11:14:59.422 +05:30 [INF] Request finished HTTP/1.1 GET http://localhost:5211/_framework/aspnetcore-browser-refresh.js - - - 200 11963 application/javascript;+charset=utf-8 0.6148ms
2023-08-02 11:15:07.362 +05:30 [INF] Request starting HTTP/1.1 GET http://localhost:5211/EmployeeData/Profile - -
2023-08-02 11:15:07.366 +05:30 [INF] Executing endpoint 'EmployeeDataController.Controllers.EmployeeDataController.Profile (IdentityManagement)'
2023-08-02 11:15:07.366 +05:30 [INF] Route matched with {action = "Profile", controller = "EmployeeData"}. Executing controller action with signature System.Threading.Tasks.Task`1[Microsoft.AspNetCore.Mvc.IActionResult] Profile() on controller EmployeeDataController.Controllers.EmployeeDataController (IdentityManagement).
2023-08-02 11:15:07.409 +05:30 [INF] Executed DbCommand (29ms) [Parameters=[@__mail_0='?' (Size = 4000)], CommandType='"Text"', CommandTimeout='30']
SELECT [e].[ID], [e].[Aadhaar], [e].[Address], [e].[DateofBirth], [e].[EmployeePackage], [e].[Experience], [e].[Gender], [e].[MobileNumber], [e].[Name], [e].[Password], [e].[ProfilePicture], [e].[TeamName], [e].[UserID]
FROM [Employeess] AS [e]
WHERE [e].[UserID] = @__mail_0
2023-08-02 11:15:07.411 +05:30 [INF] Executing ViewResult, running view Profile.
2023-08-02 11:15:07.413 +05:30 [INF] Executed ViewResult - view Profile executed in 1.9659ms.
2023-08-02 11:15:07.413 +05:30 [INF] Executed action EmployeeDataController.Controllers.EmployeeDataController.Profile (IdentityManagement) in 46.9453ms
2023-08-02 11:15:07.413 +05:30 [INF] Executed endpoint 'EmployeeDataController.Controllers.EmployeeDataController.Profile (IdentityManagement)'
2023-08-02 11:15:07.413 +05:30 [INF] Request finished HTTP/1.1 GET http://localhost:5211/EmployeeData/Profile - - - 200 - text/html;+charset=utf-8 51.6843ms
2023-08-02 11:15:07.632 +05:30 [INF] Request starting HTTP/1.1 GET http://localhost:5211/_framework/aspnetcore-browser-refresh.js - -
2023-08-02 11:15:07.633 +05:30 [INF] Request finished HTTP/1.1 GET http://localhost:5211/_framework/aspnetcore-browser-refresh.js - - - 200 11963 application/javascript;+charset=utf-8 0.5714ms
2023-08-02 11:15:11.327 +05:30 [INF] Request starting HTTP/1.1 GET http://localhost:5211/Request/RequestStatus - -
2023-08-02 11:15:11.328 +05:30 [INF] Executing endpoint 'RequestController.Controllers.RequestController.RequestStatus (IdentityManagement)'
2023-08-02 11:15:11.345 +05:30 [INF] Route matched with {action = "RequestStatus", controller = "Request"}. Executing controller action with signature System.Threading.Tasks.Task`1[Microsoft.AspNetCore.Mvc.IActionResult] RequestStatus() on controller RequestController.Controllers.RequestController (IdentityManagement).
2023-08-02 11:15:11.393 +05:30 [INF] Executed DbCommand (21ms) [Parameters=[@__mail_0='?' (Size = 4000)], CommandType='"Text"', CommandTimeout='30']
SELECT [r].[ID], [r].[ExistingData], [r].[Name], [r].[NewData], [r].[UserId], [r].[keepLoggedIn], [r].[request], [r].[status]
FROM [Requestss] AS [r]
WHERE [r].[UserId] = @__mail_0
2023-08-02 11:15:11.498 +05:30 [INF] Executing ViewResult, running view RequestStatus.
2023-08-02 11:15:11.573 +05:30 [INF] Executed ViewResult - view RequestStatus executed in 78.047ms.
2023-08-02 11:15:11.574 +05:30 [INF] Executed action RequestController.Controllers.RequestController.RequestStatus (IdentityManagement) in 228.3568ms
2023-08-02 11:15:11.574 +05:30 [INF] Executed endpoint 'RequestController.Controllers.RequestController.RequestStatus (IdentityManagement)'
2023-08-02 11:15:11.574 +05:30 [INF] Request finished HTTP/1.1 GET http://localhost:5211/Request/RequestStatus - - - 200 - text/html;+charset=utf-8 247.0262ms
2023-08-02 11:15:11.660 +05:30 [INF] Request starting HTTP/1.1 GET http://localhost:5211/_framework/aspnetcore-browser-refresh.js - -
2023-08-02 11:15:11.660 +05:30 [INF] Request finished HTTP/1.1 GET http://localhost:5211/_framework/aspnetcore-browser-refresh.js - - - 200 11963 application/javascript;+charset=utf-8 0.2035ms
2023-08-02 11:15:19.263 +05:30 [INF] Request starting HTTP/1.1 GET http://localhost:5211/EmployeeData/Profile - -
2023-08-02 11:15:19.264 +05:30 [INF] Executing endpoint 'EmployeeDataController.Controllers.EmployeeDataController.Profile (IdentityManagement)'
2023-08-02 11:15:19.264 +05:30 [INF] Route matched with {action = "Profile", controller = "EmployeeData"}. Executing controller action with signature System.Threading.Tasks.Task`1[Microsoft.AspNetCore.Mvc.IActionResult] Profile() on controller EmployeeDataController.Controllers.EmployeeDataController (IdentityManagement).
2023-08-02 11:15:19.275 +05:30 [INF] Executed DbCommand (6ms) [Parameters=[@__mail_0='?' (Size = 4000)], CommandType='"Text"', CommandTimeout='30']
SELECT [e].[ID], [e].[Aadhaar], [e].[Address], [e].[DateofBirth], [e].[EmployeePackage], [e].[Experience], [e].[Gender], [e].[MobileNumber], [e].[Name], [e].[Password], [e].[ProfilePicture], [e].[TeamName], [e].[UserID]
FROM [Employeess] AS [e]
WHERE [e].[UserID] = @__mail_0
2023-08-02 11:15:19.304 +05:30 [INF] Executing ViewResult, running view Profile.
2023-08-02 11:15:19.308 +05:30 [INF] Executed ViewResult - view Profile executed in 4.5652ms.
2023-08-02 11:15:19.308 +05:30 [INF] Executed action EmployeeDataController.Controllers.EmployeeDataController.Profile (IdentityManagement) in 44.0768ms
2023-08-02 11:15:19.308 +05:30 [INF] Executed endpoint 'EmployeeDataController.Controllers.EmployeeDataController.Profile (IdentityManagement)'
2023-08-02 11:15:19.309 +05:30 [INF] Request finished HTTP/1.1 GET http://localhost:5211/EmployeeData/Profile - - - 200 - text/html;+charset=utf-8 46.1658ms
2023-08-02 11:15:19.410 +05:30 [INF] Request starting HTTP/1.1 GET http://localhost:5211/_framework/aspnetcore-browser-refresh.js - -
2023-08-02 11:15:19.410 +05:30 [INF] Request finished HTTP/1.1 GET http://localhost:5211/_framework/aspnetcore-browser-refresh.js - - - 200 11963 application/javascript;+charset=utf-8 0.1914ms
2023-08-02 11:15:21.288 +05:30 [INF] Request starting HTTP/1.1 GET http://localhost:5211/Home/logOut - -
2023-08-02 11:15:21.299 +05:30 [INF] Executing endpoint 'IdentityManagement.Controllers.HomeController.logOut (IdentityManagement)'
2023-08-02 11:15:21.314 +05:30 [INF] Route matched with {action = "logOut", controller = "Home"}. Executing controller action with signature System.Threading.Tasks.Task`1[Microsoft.AspNetCore.Mvc.IActionResult] logOut() on controller IdentityManagement.Controllers.HomeController (IdentityManagement).
2023-08-02 11:15:21.322 +05:30 [INF] AuthenticationScheme: Cookies signed out.
2023-08-02 11:15:21.331 +05:30 [INF] Executing RedirectResult, redirecting to /.
2023-08-02 11:15:21.332 +05:30 [INF] Executed action IdentityManagement.Controllers.HomeController.logOut (IdentityManagement) in 17.4158ms
2023-08-02 11:15:21.332 +05:30 [INF] Executed endpoint 'IdentityManagement.Controllers.HomeController.logOut (IdentityManagement)'
2023-08-02 11:15:21.332 +05:30 [INF] Request finished HTTP/1.1 GET http://localhost:5211/Home/logOut - - - 302 0 - 43.8068ms
2023-08-02 11:15:21.365 +05:30 [INF] Request starting HTTP/1.1 GET http://localhost:5211/ - -
2023-08-02 11:15:21.366 +05:30 [INF] Executing endpoint 'IdentityManagement.Controllers.HomeController.Index (IdentityManagement)'
2023-08-02 11:15:21.366 +05:30 [INF] Route matched with {action = "Index", controller = "Home"}. Executing controller action with signature Microsoft.AspNetCore.Mvc.IActionResult Index() on controller IdentityManagement.Controllers.HomeController (IdentityManagement).
2023-08-02 11:15:21.369 +05:30 [INF] Executing ViewResult, running view Index.
2023-08-02 11:15:21.375 +05:30 [INF] Executed ViewResult - view Index executed in 5.5923ms.
2023-08-02 11:15:21.376 +05:30 [INF] Executed action IdentityManagement.Controllers.HomeController.Index (IdentityManagement) in 9.2735ms
2023-08-02 11:15:21.376 +05:30 [INF] Executed endpoint 'IdentityManagement.Controllers.HomeController.Index (IdentityManagement)'
2023-08-02 11:15:21.376 +05:30 [INF] Request finished HTTP/1.1 GET http://localhost:5211/ - - - 200 - text/html;+charset=utf-8 10.3092ms
2023-08-02 11:15:21.639 +05:30 [INF] Request starting HTTP/1.1 GET http://localhost:5211/_framework/aspnetcore-browser-refresh.js - -
2023-08-02 11:15:21.639 +05:30 [INF] Request finished HTTP/1.1 GET http://localhost:5211/_framework/aspnetcore-browser-refresh.js - - - 200 11963 application/javascript;+charset=utf-8 0.2066ms
2023-08-02 11:15:23.029 +05:30 [INF] Request starting HTTP/1.1 GET http://localhost:5211/Employee/EmployeeLogin - -
2023-08-02 11:15:23.030 +05:30 [INF] Executing endpoint 'IdentityManagement.Controllers.EmployeeController.EmployeeLogin (IdentityManagement)'
2023-08-02 11:15:23.030 +05:30 [INF] Route matched with {action = "EmployeeLogin", controller = "Employee"}. Executing controller action with signature Microsoft.AspNetCore.Mvc.IActionResult EmployeeLogin() on controller IdentityManagement.Controllers.EmployeeController (IdentityManagement).
2023-08-02 11:15:23.033 +05:30 [INF] Executing ViewResult, running view EmployeeLogin.
2023-08-02 11:15:23.072 +05:30 [INF] Executed ViewResult - view EmployeeLogin executed in 39.006ms.
2023-08-02 11:15:23.073 +05:30 [INF] Executed action IdentityManagement.Controllers.EmployeeController.EmployeeLogin (IdentityManagement) in 42.372ms
2023-08-02 11:15:23.073 +05:30 [INF] Executed endpoint 'IdentityManagement.Controllers.EmployeeController.EmployeeLogin (IdentityManagement)'
2023-08-02 11:15:23.073 +05:30 [INF] Request finished HTTP/1.1 GET http://localhost:5211/Employee/EmployeeLogin - - - 200 - text/html;+charset=utf-8 43.7821ms
2023-08-02 11:15:23.281 +05:30 [INF] Request starting HTTP/1.1 GET http://localhost:5211/Employee/slide navbar style.css - -
2023-08-02 11:15:23.282 +05:30 [INF] Request finished HTTP/1.1 GET http://localhost:5211/Employee/slide navbar style.css - - - 404 0 - 0.9941ms
2023-08-02 11:15:23.373 +05:30 [INF] Request starting HTTP/1.1 GET http://localhost:5211/_framework/aspnetcore-browser-refresh.js - -
2023-08-02 11:15:23.378 +05:30 [INF] Request finished HTTP/1.1 GET http://localhost:5211/_framework/aspnetcore-browser-refresh.js - - - 200 11963 application/javascript;+charset=utf-8 5.5291ms
2023-08-02 11:15:31.640 +05:30 [INF] Request starting HTTP/1.1 POST http://localhost:5211/Employee/EmployeeLogin application/x-www-form-urlencoded 239
2023-08-02 11:15:31.641 +05:30 [INF] Executing endpoint 'IdentityManagement.Controllers.EmployeeController.EmployeeLoginAsync (IdentityManagement)'
2023-08-02 11:15:31.641 +05:30 [INF] Route matched with {action = "EmployeeLogin", controller = "Employee"}. Executing controller action with signature System.Threading.Tasks.Task`1[Microsoft.AspNetCore.Mvc.IActionResult] EmployeeLoginAsync(User, IdentityManagement.Models.Database) on controller IdentityManagement.Controllers.EmployeeController (IdentityManagement).
2023-08-02 11:15:31.658 +05:30 [INF] Executed DbCommand (11ms) [Parameters=[@__user_EmailId_0='?' (Size = 4000)], CommandType='"Text"', CommandTimeout='30']
SELECT CASE
    WHEN EXISTS (
        SELECT 1
        FROM [Employeess] AS [e]
        WHERE [e].[UserID] = @__user_EmailId_0) THEN CAST(1 AS bit)
    ELSE CAST(0 AS bit)
END
2023-08-02 11:15:31.832 +05:30 [INF] AuthenticationScheme: Cookies signed in.
2023-08-02 11:15:31.915 +05:30 [INF] Executing RedirectResult, redirecting to /Employee/Profile?EmailId=sargunan744@gmail.com&userPassword=Pdss@2002&keepLoggedIn=False.
2023-08-02 11:15:31.915 +05:30 [INF] Executed action IdentityManagement.Controllers.EmployeeController.EmployeeLoginAsync (IdentityManagement) in 274.2443ms
2023-08-02 11:15:31.915 +05:30 [INF] Executed endpoint 'IdentityManagement.Controllers.EmployeeController.EmployeeLoginAsync (IdentityManagement)'
2023-08-02 11:15:31.916 +05:30 [INF] Request finished HTTP/1.1 POST http://localhost:5211/Employee/EmployeeLogin application/x-www-form-urlencoded 239 - 302 0 - 276.3528ms
2023-08-02 11:15:31.922 +05:30 [INF] Request starting HTTP/1.1 GET http://localhost:5211/Employee/Profile?EmailId=sargunan744@gmail.com&userPassword=Pdss@2002&keepLoggedIn=False - -
2023-08-02 11:15:31.923 +05:30 [INF] Executing endpoint 'IdentityManagement.Controllers.EmployeeController.Profile (IdentityManagement)'
2023-08-02 11:15:31.925 +05:30 [INF] Route matched with {action = "Profile", controller = "Employee"}. Executing controller action with signature Microsoft.AspNetCore.Mvc.IActionResult Profile() on controller IdentityManagement.Controllers.EmployeeController (IdentityManagement).
2023-08-02 11:15:31.933 +05:30 [INF] Executing ViewResult, running view Profile.
2023-08-02 11:15:32.026 +05:30 [INF] Executed ViewResult - view Profile executed in 100.2515ms.
2023-08-02 11:15:32.026 +05:30 [INF] Executed action IdentityManagement.Controllers.EmployeeController.Profile (IdentityManagement) in 101.0755ms
2023-08-02 11:15:32.026 +05:30 [INF] Executed endpoint 'IdentityManagement.Controllers.EmployeeController.Profile (IdentityManagement)'
2023-08-02 11:15:32.027 +05:30 [INF] Request finished HTTP/1.1 GET http://localhost:5211/Employee/Profile?EmailId=sargunan744@gmail.com&userPassword=Pdss@2002&keepLoggedIn=False - - - 200 - text/html;+charset=utf-8 104.1731ms
2023-08-02 11:15:32.264 +05:30 [INF] Request starting HTTP/1.1 GET http://localhost:5211/images/images.png - -
2023-08-02 11:15:32.268 +05:30 [INF] Request starting HTTP/1.1 GET http://localhost:5211/_framework/aspnetcore-browser-refresh.js - -
2023-08-02 11:15:32.269 +05:30 [INF] Request finished HTTP/1.1 GET http://localhost:5211/_framework/aspnetcore-browser-refresh.js - - - 200 11963 application/javascript;+charset=utf-8 1.7103ms
2023-08-02 11:15:32.418 +05:30 [INF] Sending file. Request path: '/images/images.png'. Physical path: 'C:\Users\sargu\Desktop\FinalProject\IdentityManagement\wwwroot\images\images.png'
2023-08-02 11:15:32.418 +05:30 [INF] Request finished HTTP/1.1 GET http://localhost:5211/images/images.png - - - 200 3618 image/png 154.0014ms
2023-08-02 11:15:35.944 +05:30 [INF] Request starting HTTP/1.1 GET http://localhost:5211/EmployeeData/Create - -
2023-08-02 11:15:35.945 +05:30 [INF] Executing endpoint 'EmployeeDataController.Controllers.EmployeeDataController.Create (IdentityManagement)'
2023-08-02 11:15:35.952 +05:30 [INF] Route matched with {action = "Create", controller = "EmployeeData"}. Executing controller action with signature Microsoft.AspNetCore.Mvc.IActionResult Create() on controller EmployeeDataController.Controllers.EmployeeDataController (IdentityManagement).
2023-08-02 11:15:35.956 +05:30 [INF] Executing ViewResult, running view Create.
2023-08-02 11:15:36.146 +05:30 [INF] Executed ViewResult - view Create executed in 192.4783ms.
2023-08-02 11:15:36.146 +05:30 [INF] Executed action EmployeeDataController.Controllers.EmployeeDataController.Create (IdentityManagement) in 193.4415ms
2023-08-02 11:15:36.146 +05:30 [INF] Executed endpoint 'EmployeeDataController.Controllers.EmployeeDataController.Create (IdentityManagement)'
2023-08-02 11:15:36.150 +05:30 [INF] Request finished HTTP/1.1 GET http://localhost:5211/EmployeeData/Create - - - 200 - text/html;+charset=utf-8 205.8729ms
2023-08-02 11:15:36.259 +05:30 [INF] Request starting HTTP/1.1 GET http://localhost:5211/_framework/aspnetcore-browser-refresh.js - -
2023-08-02 11:15:36.259 +05:30 [INF] Request finished HTTP/1.1 GET http://localhost:5211/_framework/aspnetcore-browser-refresh.js - - - 200 11963 application/javascript;+charset=utf-8 0.2365ms
2023-08-02 11:15:44.123 +05:30 [INF] Request starting HTTP/1.1 GET http://localhost:5211/EmployeeData/Index - -
2023-08-02 11:15:44.124 +05:30 [INF] Executing endpoint 'EmployeeDataController.Controllers.EmployeeDataController.Index (IdentityManagement)'
2023-08-02 11:15:44.132 +05:30 [INF] Route matched with {action = "Index", controller = "EmployeeData"}. Executing controller action with signature System.Threading.Tasks.Task`1[Microsoft.AspNetCore.Mvc.IActionResult] Index(System.String, System.String, System.String, System.Nullable`1[System.Int32]) on controller EmployeeDataController.Controllers.EmployeeDataController (IdentityManagement).
2023-08-02 11:15:44.256 +05:30 [INF] Executed DbCommand (4ms) [Parameters=[], CommandType='"Text"', CommandTimeout='30']
SELECT COUNT(*)
FROM [Employeess] AS [e]
2023-08-02 11:15:44.322 +05:30 [INF] Executed DbCommand (39ms) [Parameters=[@__p_0='?' (DbType = Int32), @__p_1='?' (DbType = Int32)], CommandType='"Text"', CommandTimeout='30']
SELECT [e].[ID], [e].[Aadhaar], [e].[Address], [e].[DateofBirth], [e].[EmployeePackage], [e].[Experience], [e].[Gender], [e].[MobileNumber], [e].[Name], [e].[Password], [e].[ProfilePicture], [e].[TeamName], [e].[UserID]
FROM [Employeess] AS [e]
ORDER BY [e].[DateofBirth]
OFFSET @__p_0 ROWS FETCH NEXT @__p_1 ROWS ONLY
2023-08-02 11:15:44.326 +05:30 [INF] Executing ViewResult, running view Index.
2023-08-02 11:15:44.443 +05:30 [INF] Executed ViewResult - view Index executed in 118.8909ms.
2023-08-02 11:15:44.443 +05:30 [INF] Executed action EmployeeDataController.Controllers.EmployeeDataController.Index (IdentityManagement) in 311.2868ms
2023-08-02 11:15:44.443 +05:30 [INF] Executed endpoint 'EmployeeDataController.Controllers.EmployeeDataController.Index (IdentityManagement)'
2023-08-02 11:15:44.444 +05:30 [INF] Request finished HTTP/1.1 GET http://localhost:5211/EmployeeData/Index - - - 200 - text/html;+charset=utf-8 320.8521ms
2023-08-02 11:15:44.514 +05:30 [INF] Request starting HTTP/1.1 GET http://localhost:5211/_framework/aspnetcore-browser-refresh.js - -
2023-08-02 11:15:44.514 +05:30 [INF] Request finished HTTP/1.1 GET http://localhost:5211/_framework/aspnetcore-browser-refresh.js - - - 200 11963 application/javascript;+charset=utf-8 0.1884ms
2023-08-02 11:15:51.168 +05:30 [INF] Request starting HTTP/1.1 GET http://localhost:5211/EmployeeData/Edit/3 - -
2023-08-02 11:15:51.169 +05:30 [INF] Executing endpoint 'EmployeeDataController.Controllers.EmployeeDataController.Edit (IdentityManagement)'
2023-08-02 11:15:51.239 +05:30 [INF] Route matched with {action = "Edit", controller = "EmployeeData"}. Executing controller action with signature System.Threading.Tasks.Task`1[Microsoft.AspNetCore.Mvc.IActionResult] Edit(System.Nullable`1[System.Int32]) on controller EmployeeDataController.Controllers.EmployeeDataController (IdentityManagement).
2023-08-02 11:15:51.268 +05:30 [INF] Executed DbCommand (9ms) [Parameters=[@__id_0='?' (DbType = Int32)], CommandType='"Text"', CommandTimeout='30']
SELECT TOP(1) [e].[ID], [e].[Aadhaar], [e].[Address], [e].[DateofBirth], [e].[EmployeePackage], [e].[Experience], [e].[Gender], [e].[MobileNumber], [e].[Name], [e].[Password], [e].[ProfilePicture], [e].[TeamName], [e].[UserID]
FROM [Employeess] AS [e]
WHERE [e].[ID] = @__id_0
2023-08-02 11:15:51.283 +05:30 [INF] Executing ViewResult, running view Edit.
2023-08-02 11:15:51.525 +05:30 [INF] Executed ViewResult - view Edit executed in 243.6088ms.
2023-08-02 11:15:51.525 +05:30 [INF] Executed action EmployeeDataController.Controllers.EmployeeDataController.Edit (IdentityManagement) in 286.7221ms
2023-08-02 11:15:51.525 +05:30 [INF] Executed endpoint 'EmployeeDataController.Controllers.EmployeeDataController.Edit (IdentityManagement)'
2023-08-02 11:15:51.526 +05:30 [INF] Request finished HTTP/1.1 GET http://localhost:5211/EmployeeData/Edit/3 - - - 200 - text/html;+charset=utf-8 357.7938ms
2023-08-02 11:15:51.633 +05:30 [INF] Request starting HTTP/1.1 GET http://localhost:5211/_framework/aspnetcore-browser-refresh.js - -
2023-08-02 11:15:51.634 +05:30 [INF] Request finished HTTP/1.1 GET http://localhost:5211/_framework/aspnetcore-browser-refresh.js - - - 200 11963 application/javascript;+charset=utf-8 0.4291ms
2023-08-02 11:15:58.114 +05:30 [INF] Request starting HTTP/1.1 POST http://localhost:5211/EmployeeData/Edit/3 multipart/form-data;+boundary=----WebKitFormBoundaryVFBpdpjETRrawL3W 1868
2023-08-02 11:15:58.119 +05:30 [INF] Executing endpoint 'EmployeeDataController.Controllers.EmployeeDataController.Edit (IdentityManagement)'
2023-08-02 11:15:58.139 +05:30 [INF] Route matched with {action = "Edit", controller = "EmployeeData"}. Executing controller action with signature System.Threading.Tasks.Task`1[Microsoft.AspNetCore.Mvc.IActionResult] Edit(System.Nullable`1[System.Int32], IdentityManagement.Models.EmployeeData, Microsoft.AspNetCore.Http.IFormFile) on controller EmployeeDataController.Controllers.EmployeeDataController (IdentityManagement).
2023-08-02 11:15:58.215 +05:30 [INF] Executed DbCommand (2ms) [Parameters=[@__id_0='?' (DbType = Int32)], CommandType='"Text"', CommandTimeout='30']
SELECT TOP(1) [e].[ID], [e].[Aadhaar], [e].[Address], [e].[DateofBirth], [e].[EmployeePackage], [e].[Experience], [e].[Gender], [e].[MobileNumber], [e].[Name], [e].[Password], [e].[ProfilePicture], [e].[TeamName], [e].[UserID]
FROM [Employeess] AS [e]
WHERE [e].[ID] = @__id_0
2023-08-02 11:15:58.417 +05:30 [INF] Executing RedirectResult, redirecting to /EmployeeData/Index.
2023-08-02 11:15:58.417 +05:30 [INF] Executed action EmployeeDataController.Controllers.EmployeeDataController.Edit (IdentityManagement) in 277.931ms
2023-08-02 11:15:58.417 +05:30 [INF] Executed endpoint 'EmployeeDataController.Controllers.EmployeeDataController.Edit (IdentityManagement)'
2023-08-02 11:15:58.418 +05:30 [INF] Request finished HTTP/1.1 POST http://localhost:5211/EmployeeData/Edit/3 multipart/form-data;+boundary=----WebKitFormBoundaryVFBpdpjETRrawL3W 1868 - 302 0 - 305.2592ms
2023-08-02 11:15:58.427 +05:30 [INF] Request starting HTTP/1.1 GET http://localhost:5211/EmployeeData/Index - -
2023-08-02 11:15:58.428 +05:30 [INF] Executing endpoint 'EmployeeDataController.Controllers.EmployeeDataController.Index (IdentityManagement)'
2023-08-02 11:15:58.429 +05:30 [INF] Route matched with {action = "Index", controller = "EmployeeData"}. Executing controller action with signature System.Threading.Tasks.Task`1[Microsoft.AspNetCore.Mvc.IActionResult] Index(System.String, System.String, System.String, System.Nullable`1[System.Int32]) on controller EmployeeDataController.Controllers.EmployeeDataController (IdentityManagement).
2023-08-02 11:15:58.437 +05:30 [INF] Executed DbCommand (2ms) [Parameters=[], CommandType='"Text"', CommandTimeout='30']
SELECT COUNT(*)
FROM [Employeess] AS [e]
2023-08-02 11:15:58.485 +05:30 [INF] Executed DbCommand (23ms) [Parameters=[@__p_0='?' (DbType = Int32), @__p_1='?' (DbType = Int32)], CommandType='"Text"', CommandTimeout='30']
SELECT [e].[ID], [e].[Aadhaar], [e].[Address], [e].[DateofBirth], [e].[EmployeePackage], [e].[Experience], [e].[Gender], [e].[MobileNumber], [e].[Name], [e].[Password], [e].[ProfilePicture], [e].[TeamName], [e].[UserID]
FROM [Employeess] AS [e]
ORDER BY [e].[DateofBirth]
OFFSET @__p_0 ROWS FETCH NEXT @__p_1 ROWS ONLY
2023-08-02 11:15:58.486 +05:30 [INF] Executing ViewResult, running view Index.
2023-08-02 11:15:58.494 +05:30 [INF] Executed ViewResult - view Index executed in 8.2616ms.
2023-08-02 11:15:58.494 +05:30 [INF] Executed action EmployeeDataController.Controllers.EmployeeDataController.Index (IdentityManagement) in 65.7802ms
2023-08-02 11:15:58.495 +05:30 [INF] Executed endpoint 'EmployeeDataController.Controllers.EmployeeDataController.Index (IdentityManagement)'
2023-08-02 11:15:58.497 +05:30 [INF] Request finished HTTP/1.1 GET http://localhost:5211/EmployeeData/Index - - - 200 - text/html;+charset=utf-8 69.7886ms
2023-08-02 11:15:58.882 +05:30 [INF] Request starting HTTP/1.1 GET http://localhost:5211/_framework/aspnetcore-browser-refresh.js - -
2023-08-02 11:15:58.882 +05:30 [INF] Request finished HTTP/1.1 GET http://localhost:5211/_framework/aspnetcore-browser-refresh.js - - - 200 11963 application/javascript;+charset=utf-8 0.2208ms
2023-08-02 11:16:04.153 +05:30 [INF] Request starting HTTP/1.1 GET http://localhost:5211/Request - -
2023-08-02 11:16:04.154 +05:30 [INF] Executing endpoint 'RequestController.Controllers.RequestController.Index (IdentityManagement)'
2023-08-02 11:16:04.163 +05:30 [INF] Route matched with {action = "Index", controller = "Request"}. Executing controller action with signature System.Threading.Tasks.Task`1[Microsoft.AspNetCore.Mvc.IActionResult] Index(System.String, System.String, System.String, System.Nullable`1[System.Int32]) on controller RequestController.Controllers.RequestController (IdentityManagement).
2023-08-02 11:16:04.185 +05:30 [INF] Executed DbCommand (6ms) [Parameters=[], CommandType='"Text"', CommandTimeout='30']
SELECT COUNT(*)
FROM [Requestss] AS [r]
2023-08-02 11:16:04.240 +05:30 [INF] Executed DbCommand (19ms) [Parameters=[@__p_0='?' (DbType = Int32), @__p_1='?' (DbType = Int32)], CommandType='"Text"', CommandTimeout='30']
SELECT [r].[ID], [r].[ExistingData], [r].[Name], [r].[NewData], [r].[UserId], [r].[keepLoggedIn], [r].[request], [r].[status]
FROM [Requestss] AS [r]
ORDER BY [r].[UserId]
OFFSET @__p_0 ROWS FETCH NEXT @__p_1 ROWS ONLY
2023-08-02 11:16:04.253 +05:30 [INF] Executing ViewResult, running view Index.
2023-08-02 11:16:04.382 +05:30 [INF] Executed ViewResult - view Index executed in 134.2886ms.
2023-08-02 11:16:04.383 +05:30 [INF] Executed action RequestController.Controllers.RequestController.Index (IdentityManagement) in 218.959ms
2023-08-02 11:16:04.383 +05:30 [INF] Executed endpoint 'RequestController.Controllers.RequestController.Index (IdentityManagement)'
2023-08-02 11:16:04.383 +05:30 [INF] Request finished HTTP/1.1 GET http://localhost:5211/Request - - - 200 - text/html;+charset=utf-8 229.9431ms
2023-08-02 11:16:04.488 +05:30 [INF] Request starting HTTP/1.1 GET http://localhost:5211/_framework/aspnetcore-browser-refresh.js - -
2023-08-02 11:16:04.489 +05:30 [INF] Request finished HTTP/1.1 GET http://localhost:5211/_framework/aspnetcore-browser-refresh.js - - - 200 11963 application/javascript;+charset=utf-8 0.2112ms
2023-08-02 11:21:54.261 +05:30 [INF] Request starting HTTP/1.1 GET http://localhost:5211/Employee/Profile - -
2023-08-02 11:21:54.286 +05:30 [INF] Executing endpoint 'IdentityManagement.Controllers.EmployeeController.Profile (IdentityManagement)'
2023-08-02 11:21:54.295 +05:30 [INF] Route matched with {action = "Profile", controller = "Employee"}. Executing controller action with signature Microsoft.AspNetCore.Mvc.IActionResult Profile() on controller IdentityManagement.Controllers.EmployeeController (IdentityManagement).
2023-08-02 11:21:54.306 +05:30 [INF] Executing ViewResult, running view Profile.
2023-08-02 11:21:54.312 +05:30 [INF] Executed ViewResult - view Profile executed in 8.5148ms.
2023-08-02 11:21:54.312 +05:30 [INF] Executed action IdentityManagement.Controllers.EmployeeController.Profile (IdentityManagement) in 16.8145ms
2023-08-02 11:21:54.312 +05:30 [INF] Executed endpoint 'IdentityManagement.Controllers.EmployeeController.Profile (IdentityManagement)'
2023-08-02 11:21:54.313 +05:30 [INF] Request finished HTTP/1.1 GET http://localhost:5211/Employee/Profile - - - 200 - text/html;+charset=utf-8 55.0985ms
2023-08-02 11:21:54.444 +05:30 [INF] Request starting HTTP/1.1 GET http://localhost:5211/_framework/aspnetcore-browser-refresh.js - -
2023-08-02 11:21:54.446 +05:30 [INF] Request finished HTTP/1.1 GET http://localhost:5211/_framework/aspnetcore-browser-refresh.js - - - 200 11963 application/javascript;+charset=utf-8 1.7922ms
2023-08-02 13:03:38.804 +05:30 [INF] Request starting HTTP/1.1 GET http://localhost:5211/_framework/aspnetcore-browser-refresh.js - -
2023-08-02 13:03:38.866 +05:30 [INF] Request finished HTTP/1.1 GET http://localhost:5211/_framework/aspnetcore-browser-refresh.js - - - 200 11963 application/javascript;+charset=utf-8 105.9714ms
2023-08-02 13:07:56.762 +05:30 [INF] Application is shutting down...
